<?xml version="1.0" encoding="UTF-8"?>
<!-- Generated by org.testng.reporters.JUnitReportReporter -->
<testsuite hostname="fazil-Vostro-2520" failures="0" tests="3" name="testNg.beforeclass" time="0.012" errors="0" timestamp="2021-12-21T16:49:25 IST" skipped="0">
  <testcase classname="testNg.beforeclass" name="etest" time="0.003"/>
  <system-out/>
  <testcase classname="testNg.beforeclass" name="dtest" time="0.002"/>
  <system-out/>
  <testcase classname="testNg.beforeclass" name="ctest" time="0.007"/>
  <system-out/>
</testsuite> <!-- testNg.beforeclass -->
