<?xml version="1.0" encoding="UTF-8"?>
<!-- Generated by org.testng.reporters.JUnitReportReporter -->
<testsuite hostname="fazil-Vostro-2520" failures="0" tests="4" name="testNg.Groups" time="0.018" errors="0" timestamp="2021-12-21T15:47:17 IST" skipped="0">
  <testcase classname="testNg.Groups" name="atest" time="0.011"/>
  <system-out/>
  <testcase classname="testNg.Groups" name="dtest" time="0.002"/>
  <system-out/>
  <testcase classname="testNg.Groups" name="ctest" time="0.003"/>
  <system-out/>
  <testcase classname="testNg.Groups" name="btest" time="0.002"/>
  <system-out/>
</testsuite> <!-- testNg.Groups -->
