<?xml version="1.0" encoding="UTF-8"?>
<!-- Generated by org.testng.reporters.JUnitReportReporter -->
<testsuite hostname="fazil-Vostro-2520" failures="0" tests="4" name="testNg.SkipTest" time="0.013" errors="0" timestamp="2021-12-21T16:14:59 IST" skipped="1">
  <testcase classname="testNg.SkipTest" name="btest" time="0.002"/>
  <system-out/>
  <testcase classname="testNg.SkipTest" name="dtest" time="0.001"/>
  <system-out/>
  <testcase classname="testNg.SkipTest" name="atest" time="0.010"/>
  <system-out/>
  <testcase classname="testNg.SkipTest" name="ctest">
    <skipped/>
  </testcase> <!-- ctest -->
  <system-out/>
</testsuite> <!-- testNg.SkipTest -->
