<?xml version="1.0" encoding="UTF-8"?>
<!-- Generated by org.testng.reporters.JUnitReportReporter -->
<testsuite hostname="fazil-Vostro-2520" failures="0" tests="5" name="testNg.LetsStart" time="0.018" errors="0" timestamp="2021-12-21T11:06:13 IST" skipped="0">
  <testcase classname="testNg.LetsStart" name="Fifth" time="0.010"/>
  <system-out/>
  <testcase classname="testNg.LetsStart" name="start" time="0.002"/>
  <system-out/>
  <testcase classname="testNg.LetsStart" name="fourth" time="0.002"/>
  <system-out/>
  <testcase classname="testNg.LetsStart" name="second" time="0.002"/>
  <system-out/>
  <testcase classname="testNg.LetsStart" name="Third" time="0.002"/>
  <system-out/>
</testsuite> <!-- testNg.LetsStart -->
