<?xml version="1.0" encoding="UTF-8"?>
<!-- Generated by org.testng.reporters.JUnitReportReporter -->
<testsuite hostname="fazil-Vostro-2520" failures="0" tests="2" name="testNg.Test2" time="0.017" errors="0" timestamp="2021-12-21T11:34:30 IST" skipped="0">
  <testcase classname="testNg.Test2" name="Fourth" time="0.013"/>
  <system-out/>
  <testcase classname="testNg.Test2" name="Second" time="0.004"/>
  <system-out/>
</testsuite> <!-- testNg.Test2 -->
