<?xml version="1.0" encoding="UTF-8"?>
<!-- Generated by org.testng.reporters.JUnitReportReporter -->
<testsuite hostname="fazil-Vostro-2520" failures="0" tests="1" name="PractiseTest.SimplePractise" time="18.158" errors="0" timestamp="2021-12-08T16:39:55 IST" skipped="0">
  <testcase classname="PractiseTest.SimplePractise" name="test1" time="18.158"/>
  <system-out/>
</testsuite> <!-- PractiseTest.SimplePractise -->
