<?xml version="1.0" encoding="UTF-8"?>
<!-- Generated by org.testng.reporters.JUnitReportReporter -->
<testsuite hostname="DESKTOP-GC5OA1S" failures="0" tests="1" name="RestTest.put" time="1.712" errors="0" timestamp="2021-12-07T23:12:09 IST" skipped="0">
  <testcase classname="RestTest.put" name="test1" time="1.712"/>
  <system-out/>
</testsuite> <!-- RestTest.put -->
