<?xml version="1.0" encoding="UTF-8"?>
<!-- Generated by org.testng.reporters.JUnitReportReporter -->
<testsuite hostname="DESKTOP-GC5OA1S" failures="0" tests="1" name="RestTest.Delete" time="1.793" errors="0" timestamp="2021-12-07T23:05:55 IST" skipped="0">
  <testcase classname="RestTest.Delete" name="test1" time="1.793"/>
  <system-out/>
</testsuite> <!-- RestTest.Delete -->
